<?xml version="1.0" encoding="UTF-8"?>
<testsuite name="MySoaCICDApp_SoapPrj.MySoaCICD_BpelProcessBinding TestSuite" tests="1" failures="0" errors="0" time="0.306"><properties><property name="ECRootPath" value="C:\Oracle\"/><property name="PROCESSOR_ARCHITECTURE" value="AMD64"/><property name="file.encoding.pkg" value="sun.io"/><property name="LOGONSERVER" value="\\MANU"/><property name="ProgramData" value="C:\ProgramData"/><property name="java.home" value="C:\Java\jdk1.8.0_191\jre"/><property name="ZOOKEEPER_HOME" value="C:\zookeeper-3.3.6"/><property name="NODE_NAME" value="master"/><property name="JENKINS_URL" value="http://localhost:9090/"/><property name="ALLUSERSPROFILE" value="C:\ProgramData"/><property name="java.endorsed.dirs" value="C:\Java\jdk1.8.0_191\jre\lib\endorsed"/><property name="PRUNMGR" value="C:\DataStax Community\utils\prunmgr.exe"/><property name="PSModulePath" value="C:\Windows\system32\WindowsPowerShell\v1.0\Modules\"/><property name="=::" value="::\"/><property name="ECLIPSE_HOME" value="C:\eclipse"/><property name="USERDOMAIN" value="MANU"/><property name="sun.os.patch.level" value=""/><property name="java.vendor.url" value="http://java.oracle.com/"/><property name="CommonProgramFiles(x86)" value="C:\Program Files (x86)\Common Files"/><property name="java.version" value="1.8.0_191"/><property name="JOB_NAME" value="MySoaCICDApp"/><property name="PRUNSRV" value="C:\DataStax Community\utils\prunsrv.exe"/><property name="COMPUTERNAME" value="MANU"/><property name="java.vendor.url.bug" value="http://bugreport.sun.com/bugreport/"/><property name="PUBLIC" value="C:\Users\Public"/><property name="user.name" value="MANOZ"/><property name="sun.io.unicode.encoding" value="UnicodeLittle"/><property name="sun.jnu.encoding" value="Cp1252"/><property name="java.runtime.name" value="Java(TM) SE Runtime Environment"/><property name="windir" value="C:\Windows"/><property name="PROCESSOR_IDENTIFIER" value="Intel64 Family 6 Model 78 Stepping 3, GenuineIntel"/><property name="=E:" value="E:\SOA_CI-CD\software\jenkins-2.204.5"/><property name="java.specification.name" value="Java Platform API Specification"/><property name="LOCALAPPDATA" value="C:\Users\MANOZ\AppData\Local"/><property name="RUN_CHANGES_DISPLAY_URL" value="http://localhost:9090/job/MySoaCICDApp/12/display/redirect?page=changes"/><property name="user.timezone" value="Asia/Calcutta"/><property name="user.script" value=""/><property name="path.separator" value=";"/><property name="NUMBER_OF_PROCESSORS" value="4"/><property name="BUILD_TAG" value="jenkins-MySoaCICDApp-12"/><property name="file.encoding" value="Cp1252"/><property name="MOSQUITTO_DIR" value="C:\Program Files (x86)\mosquitto"/><property name="sun.java.command" value="jenkins.maven3.agent.Maven35Main C:\Users\MANOZ\.jenkins\tools\hudson.tasks.Maven_MavenInstallation\MAVEN_HOME C:\Users\MANOZ\.jenkins\war\WEB-INF\lib\remoting-3.36.1.jar C:\Users\MANOZ\.jenkins\plugins\maven-plugin\WEB-INF\lib\maven35-interceptor-1.13.jar C:\Users\MANOZ\.jenkins\plugins\maven-plugin\WEB-INF\lib\maven3-interceptor-commons-1.13.jar 59017"/><property name="HUDSON_URL" value="http://localhost:9090/"/><property name="JENKINS_SERVER_COOKIE" value="6c51ae63f5dff0b3"/><property name="EXECUTOR_NUMBER" value="0"/><property name="Path" value="C:\Java\jdk1.8.0_191\bin;C:\Program Files (x86)\Common Files\Oracle\Java\javapath;C:\Java\jdk1.8.0_162\bin;C:\ProgramData\Oracle\Java\javapath;C:\Oracle\12C\product\12.1.0\dbhome_1\bin;C:\Oracle\11G\oraclexe\app\oracle\product\11.2.0\server\bin;%SystemRoot%\system32;%SystemRoot%;%SystemRoot%\System32\Wbem;%SYSTEMROOT%\System32\WindowsPowerShell\v1.0\;C:\Program Files\Intel\WiFi\bin\;C:\Program Files\Common Files\Intel\WirelessCommon\;C:\Program Files (x86)\Skype\Phone;%M2_HOME%\bin;%ZOOKEEPER_HOME%\bin;%MongoDB%\bin;C:\Program Files\MySQL\MySQL Utilities 1.6\;C:\Program Files\MIT\Kerberos\bin;C:\Program Files (x86)\Skype\Phone;C:\eclipse\bin;E:\Hadoop\hadoop-2.6.5\bin;E:\Hadoop\hadoop-2.6.5\sbin;E:\Hadoop\hadoop-2.6.5\share\hadoop\common\*;E:\Hadoop\hadoop-2.6.5\share\hadoop\hdfs;E:\Hadoop\hadoop-2.6.5\share\hadoop\hdfs\lib\*;E:\Hadoop\hadoop-2.6.5\share\hadoop\hdfs\*;E:\Hadoop\hadoop-2.6.5\share\hadoop\yarn\lib\*;E:\Hadoop\hadoop-2.6.5\share\hadoop\yarn\*;E:\Hadoop\hadoop-2.6.5\share\hadoop\mapreduce\lib\*;E:\Hadoop\hadoop-2.6.5\share\hadoop\mapreduce\*;E:\Hadoop\hadoop-2.6.5\share\hadoop\common\lib\*;C:\Program Files\Git\cmd;%ANT_HOME\bin;%M2_HOME%\bin;%SPRING_HOME%\bin;C:\Android;C:\Windows\System32"/><property name="java.io.tmpdir" value="C:\Users\MANOZ\AppData\Local\Temp\"/><property name="APPDATA" value="C:\Users\MANOZ\AppData\Roaming"/><property name="user.language" value="en"/><property name="line.separator" value="
"/><property name="BUILD_URL" value="http://localhost:9090/job/MySoaCICDApp/12/"/><property name="M2_HOME" value="C:\Users\MANOZ\.jenkins\tools\hudson.tasks.Maven_MavenInstallation\MAVEN_HOME"/><property name="CASSANDRA_HOME" value="C:\DataStax Community\apache-cassandra\"/><property name="java.vm.info" value="mixed mode"/><property name="sun.desktop" value="windows"/><property name="java.vm.specification.name" value="Java Virtual Machine Specification"/><property name="BUILD_DISPLAY_NAME" value="#12"/><property name="OS" value="Windows_NT"/><property name="guice.disable.misplaced.annotation.check" value="true"/><property name="HUDSON_SERVER_COOKIE" value="6c51ae63f5dff0b3"/><property name="MAVEN_HOME" value="C:\Users\MANOZ\.jenkins\tools\hudson.tasks.Maven_MavenInstallation\MAVEN_HOME"/><property name="SESSIONNAME" value="Console"/><property name="PATHEXT" value=".COM;.EXE;.BAT;.CMD;.VBS;.VBE;.JS;.JSE;.WSF;.WSH;.MSC"/><property name="java.awt.printerjob" value="sun.awt.windows.WPrinterJob"/><property name="maven3.interceptor.common" value="C:\Users\MANOZ\.jenkins\plugins\maven-plugin\WEB-INF\lib\maven3-interceptor-commons-1.13.jar"/><property name="CLASSPATH" value=""/><property name="HOMEPATH" value="\Users\MANOZ"/><property name="OPENSSL_CONF" value="C:\OpenSSL-Win64\bin\openssl.cfg"/><property name="os.name" value="Windows 8.1"/><property name="java.specification.vendor" value="Oracle Corporation"/><property name="FP_NO_HOST_CHECK" value="NO"/><property name="java.vm.name" value="Java HotSpot(TM) 64-Bit Server VM"/><property name="BUILD_NUMBER" value="12"/><property name="sun.awt.enableExtraMouseButtons" value="true"/><property name="maven3.interceptor" value="C:\Users\MANOZ\.jenkins\plugins\maven-plugin\WEB-INF\lib\maven35-interceptor-1.13.jar"/><property name="java.library.path" value="C:\Java\jdk1.8.0_191\bin;C:\Windows\Sun\Java\bin;C:\Windows\system32;C:\Windows;C:\Users\MANOZ\.jenkins\tools\hudson.tasks.Maven_MavenInstallation\MAVEN_HOME/bin;C:\Java\jdk1.8.0_191\bin;C:\Program Files (x86)\Common Files\Oracle\Java\javapath;C:\Java\jdk1.8.0_162\bin;C:\ProgramData\Oracle\Java\javapath;C:\Oracle\12C\product\12.1.0\dbhome_1\bin;C:\Oracle\11G\oraclexe\app\oracle\product\11.2.0\server\bin;%SystemRoot%\system32;%SystemRoot%;%SystemRoot%\System32\Wbem;%SYSTEMROOT%\System32\WindowsPowerShell\v1.0\;C:\Program Files\Intel\WiFi\bin\;C:\Program Files\Common Files\Intel\WirelessCommon\;C:\Program Files (x86)\Skype\Phone;%M2_HOME%\bin;%ZOOKEEPER_HOME%\bin;%MongoDB%\bin;C:\Program Files\MySQL\MySQL Utilities 1.6\;C:\Program Files\MIT\Kerberos\bin;C:\Program Files (x86)\Skype\Phone;C:\eclipse\bin;E:\Hadoop\hadoop-2.6.5\bin;E:\Hadoop\hadoop-2.6.5\sbin;E:\Hadoop\hadoop-2.6.5\share\hadoop\common\*;E:\Hadoop\hadoop-2.6.5\share\hadoop\hdfs;E:\Hadoop\hadoop-2.6.5\share\hadoop\hdfs\lib\*;E:\Hadoop\hadoop-2.6.5\share\hadoop\hdfs\*;E:\Hadoop\hadoop-2.6.5\share\hadoop\yarn\lib\*;E:\Hadoop\hadoop-2.6.5\share\hadoop\yarn\*;E:\Hadoop\hadoop-2.6.5\share\hadoop\mapreduce\lib\*;E:\Hadoop\hadoop-2.6.5\share\hadoop\mapreduce\*;E:\Hadoop\hadoop-2.6.5\share\hadoop\common\lib\*;C:\Program Files\Git\cmd;%ANT_HOME\bin;%M2_HOME%\bin;%SPRING_HOME%\bin;C:\Android;C:\Windows\System32;."/><property name="HOMEDRIVE" value="C:"/><property name="POM_GROUPID" value="MySoaCICDPrj"/><property name="POM_ARTIFACTID" value="MySoaCICDApp"/><property name="java.class.version" value="52.0"/><property name="JOB_URL" value="http://localhost:9090/job/MySoaCICDApp/"/><property name="DSCINSTALLDIR" value="C:\DataStax Community\"/><property name="ANT_HOME" value="C:\OFM\OFM122120CICD\Middleware\oracle_common\modules\org.apache.ant_1.9.2"/><property name="RUN_DISPLAY_URL" value="http://localhost:9090/job/MySoaCICDApp/12/display/redirect"/><property name="VBOX_MSI_INSTALL_PATH" value="C:\Oracle\VirtualBox\"/><property name="JENKINS_HOME" value="C:\Users\MANOZ\.jenkins"/><property name="BUILD_ID" value="12"/><property name="TEMP" value="C:\Users\MANOZ\AppData\Local\Temp"/><property name="sun.boot.library.path" value="C:\Java\jdk1.8.0_191\jre\bin"/><property name="sun.management.compiler" value="HotSpot 64-Bit Tiered Compilers"/><property name="java.awt.graphicsenv" value="sun.awt.Win32GraphicsEnvironment"/><property name="user.variant" value=""/><property name="PROCESSOR_REVISION" value="4e03"/><property name="POM_VERSION" value="1.0-SNAPSHOT"/><property name="HUDSON_HOME" value="C:\Users\MANOZ\.jenkins"/><property name="ProgramFiles(x86)" value="C:\Program Files (x86)"/><property name="PATH+MAVEN" value="C:\Users\MANOZ\.jenkins\tools\hudson.tasks.Maven_MavenInstallation\MAVEN_HOME/bin"/><property name="USERDOMAIN_ROAMINGPROFILE" value="MANU"/><property name="PROMPT" value="$P$G"/><property name="java.vm.specification.version" value="1.8"/><property name="JAVA_HOME" value="C:\Java\jdk1.8.0_191"/><property name="awt.toolkit" value="sun.awt.windows.WToolkit"/><property name="NODE_LABELS" value="master"/><property name="sun.cpu.isalist" value="amd64"/><property name="USERPROFILE" value="C:\Users\MANOZ"/><property name="asl.log" value="Destination=file"/><property name="JOB_DISPLAY_URL" value="http://localhost:9090/job/MySoaCICDApp/display/redirect"/><property name="java.ext.dirs" value="C:\Java\jdk1.8.0_191\jre\lib\ext;C:\Windows\Sun\Java\lib\ext"/><property name="os.version" value="6.3"/><property name="user.home" value="C:\Users\MANOZ"/><property name="USERNAME" value="MANOZ"/><property name="java.vm.vendor" value="Oracle Corporation"/><property name="PROCESSOR_LEVEL" value="6"/><property name="CommonProgramW6432" value="C:\Program Files\Common Files"/><property name="maven.conf" value="C:\Users\MANOZ\.jenkins\tools\hudson.tasks.Maven_MavenInstallation\MAVEN_HOME\conf"/><property name="user.dir" value="E:\SOACICDWorkSpace\WorkSpace\manoz\MySoaCICDApp\MySoaCICDApp"/><property name="SPRING_HOME" value="E:\Spring\Software\spring-boot-cli-2.2.5.RELEASE-bin\spring-2.2.5.RELEASE"/><property name="ProgramW6432" value="C:\Program Files"/><property name="TMP" value="C:\Users\MANOZ\AppData\Local\Temp"/><property name="sun.cpu.endian" value="little"/><property name="SystemDrive" value="C:"/><property name="MW_HOME" value="C:\OFM\OFM12130\Middleware\OracleHome"/><property name="java.vm.version" value="25.191-b12"/><property name="org.slf4j.simpleLogger.defaultLogLevel" value="info"/><property name="java.class.path" value="C:\Users\MANOZ\.jenkins\plugins\maven-plugin\WEB-INF\lib\maven35-agent-1.13.jar;C:\Users\MANOZ\.jenkins\tools\hudson.tasks.Maven_MavenInstallation\MAVEN_HOME\boot\plexus-classworlds-2.6.0.jar;C:\Users\MANOZ\.jenkins\tools\hudson.tasks.Maven_MavenInstallation\MAVEN_HOME/conf/logging"/><property name="os.arch" value="amd64"/><property name="WORKSPACE" value="E:\SOACICDWorkSpace\WorkSpace\manoz\MySoaCICDApp\MySoaCICDApp"/><property name="ComSpec" value="C:\Windows\system32\cmd.exe"/><property name="ANDROID_SDK_HOME" value="C:\Android"/><property name="sun.java.launcher" value="SUN_STANDARD"/><property name="SystemRoot" value="C:\Windows"/><property name="CommonProgramFiles" value="C:\Program Files\Common Files"/><property name="java.vm.specification.vendor" value="Oracle Corporation"/><property name="file.separator" value="\"/><property name="java.runtime.version" value="1.8.0_191-b12"/><property name="ProgramFiles" value="C:\Program Files"/><property name="sun.boot.class.path" value="C:\Java\jdk1.8.0_191\jre\lib\resources.jar;C:\Java\jdk1.8.0_191\jre\lib\rt.jar;C:\Java\jdk1.8.0_191\jre\lib\sunrsasign.jar;C:\Java\jdk1.8.0_191\jre\lib\jsse.jar;C:\Java\jdk1.8.0_191\jre\lib\jce.jar;C:\Java\jdk1.8.0_191\jre\lib\charsets.jar;C:\Java\jdk1.8.0_191\jre\lib\jfr.jar;C:\Java\jdk1.8.0_191\jre\classes"/><property name="=ExitCode" value="00000001"/><property name="user.country" value="US"/><property name="POM_PACKAGING" value="sar"/><property name="maven.home" value="C:\Users\MANOZ\.jenkins\tools\hudson.tasks.Maven_MavenInstallation\MAVEN_HOME"/><property name="HADOOP_HOME" value="E:\Hadoop\hadoop-2.6.5"/><property name="JOB_BASE_NAME" value="MySoaCICDApp"/><property name="MongoDB" value="C:\Program Files\MongoDB\Server\3.4"/><property name="java.vendor" value="Oracle Corporation"/><property name="java.specification.version" value="1.8"/><property name="POM_DISPLAYNAME" value="MySoaCICDApp"/><property name="sun.arch.data.model" value="64"/></properties><testcase name="process TestCase" time="0.306"/></testsuite>