<?xml version="1.0" encoding="UTF-8"?>
<testsuite name="MySoaCICD_Demo_BPELProcess.MySoaCICD_Demo_BPELProcessSOAP11Binding TestSuite" tests="1" failures="0" errors="0" time="0.203"><properties><property name="java.runtime.name" value="Java(TM) SE Runtime Environment"/><property name="sun.boot.library.path" value="C:\Java\jdk1.8.0_191\jre\bin"/><property name="java.vm.version" value="25.191-b12"/><property name="java.vm.vendor" value="Oracle Corporation"/><property name="java.vendor.url" value="http://java.oracle.com/"/><property name="guice.disable.misplaced.annotation.check" value="true"/><property name="path.separator" value=";"/><property name="java.vm.name" value="Java HotSpot(TM) 64-Bit Server VM"/><property name="file.encoding.pkg" value="sun.io"/><property name="user.country" value="US"/><property name="user.script" value=""/><property name="sun.java.launcher" value="SUN_STANDARD"/><property name="sun.os.patch.level" value=""/><property name="java.vm.specification.name" value="Java Virtual Machine Specification"/><property name="user.dir" value="E:\SOACICDWorkSpace\WorkSpace\MySoaCICD_Demo_App\MySoaCICD_Demo_Prj"/><property name="java.runtime.version" value="1.8.0_191-b12"/><property name="java.awt.graphicsenv" value="sun.awt.Win32GraphicsEnvironment"/><property name="java.endorsed.dirs" value="C:\Java\jdk1.8.0_191\jre\lib\endorsed"/><property name="os.arch" value="amd64"/><property name="java.io.tmpdir" value="C:\Users\MANOZ\AppData\Local\Temp\"/><property name="line.separator" value="
"/><property name="java.vm.specification.vendor" value="Oracle Corporation"/><property name="user.variant" value=""/><property name="env.ORACLE_HOME" value="C:\OFM\OFM12213\Middleware\Oracle_Home"/><property name="os.name" value="Windows 8.1"/><property name="classworlds.conf" value="C:\OFM\OFM12213\Middleware\Oracle_Home\oracle_common\modules\org.apache.maven_3.2.5\bin\m2.conf"/><property name="sun.jnu.encoding" value="Cp1252"/><property name="java.library.path" value="C:\Java\jdk1.8.0_191\bin;C:\Windows\Sun\Java\bin;C:\Windows\system32;C:\Windows;C:\Oracle\12C\product\12.1.0\dbhome_1\server;C:\Java\jdk1.8.0_191\bin;C:\Program Files (x86)\Common Files\Oracle\Java\javapath;C:\Java\jdk1.8.0_162\bin;C:\ProgramData\Oracle\Java\javapath;C:\Oracle\12C\product\12.1.0\dbhome_1\bin;C:\Oracle\11G\oraclexe\app\oracle\product\11.2.0\server\bin;C:\Windows\system32;C:\Windows;C:\Windows\System32\Wbem;C:\Windows\System32\WindowsPowerShell\v1.0\;C:\Program Files\Intel\WiFi\bin\;C:\Program Files\Common Files\Intel\WirelessCommon\;C:\Program Files (x86)\Skype\Phone;C:\ApacheSoftwareFoundation\apache-maven-3.3.9\bin;C:\zookeeper-3.3.6\bin;C:\Program Files\MongoDB\Server\3.4\bin;C:\Program Files\MySQL\MySQL Utilities 1.6\;C:\Program Files\MIT\Kerberos\bin;C:\Program Files (x86)\Skype\Phone;C:\eclipse\bin;E:\Hadoop\hadoop-2.6.5\bin;E:\Hadoop\hadoop-2.6.5\sbin;E:\Hadoop\hadoop-2.6.5\share\hadoop\common\*;E:\Hadoop\hadoop-2.6.5\share\hadoop\hdfs;E:\Hadoop\hadoop-2.6.5\share\hadoop\hdfs\lib\*;E:\Hadoop\hadoop-2.6.5\share\hadoop\hdfs\*;E:\Hadoop\hadoop-2.6.5\share\hadoop\yarn\lib\*;E:\Hadoop\hadoop-2.6.5\share\hadoop\yarn\*;E:\Hadoop\hadoop-2.6.5\share\hadoop\mapreduce\lib\*;E:\Hadoop\hadoop-2.6.5\share\hadoop\mapreduce\*;E:\Hadoop\hadoop-2.6.5\share\hadoop\common\lib\*;%ANT_HOME\bin;C:\ApacheSoftwareFoundation\apache-maven-3.3.9\bin;E:\Spring\Software\spring-boot-cli-2.2.5.RELEASE-bin\spring-2.2.5.RELEASE\bin;C:\Android;C:\Windows\System32;C:\Program Files\Git\cmd;C:\Program Files\PuTTY\;C:\OFM\OFM12213\Middleware\Oracle_Home;."/><property name="sun.awt.enableExtraMouseButtons" value="true"/><property name="java.specification.name" value="Java Platform API Specification"/><property name="java.class.version" value="52.0"/><property name="sun.management.compiler" value="HotSpot 64-Bit Tiered Compilers"/><property name="os.version" value="6.3"/><property name="user.home" value="C:\Users\MANOZ"/><property name="user.timezone" value="Asia/Calcutta"/><property name="java.awt.printerjob" value="sun.awt.windows.WPrinterJob"/><property name="file.encoding" value="Cp1252"/><property name="java.specification.version" value="1.8"/><property name="java.class.path" value="C:\OFM\OFM12213\Middleware\Oracle_Home\oracle_common\modules\org.apache.maven_3.2.5\boot\plexus-classworlds-2.5.2.jar;C:\OFM\OFM12213\Middleware\Oracle_Home\oracle_common\modules\org.apache.maven_3.2.5\lib\wagon-provider-api-2.8.jar;C:\OFM\OFM12213\Middleware\Oracle_Home\oracle_common\modules\org.apache.maven_3.2.5\lib\wagon-http-shared-2.8.jar;C:\OFM\OFM12213\Middleware\Oracle_Home\oracle_common\modules\org.apache.maven_3.2.5\lib\wagon-http-2.8-shaded.jar;C:\OFM\OFM12213\Middleware\Oracle_Home\oracle_common\modules\org.apache.maven_3.2.5\lib\wagon-file-2.8.jar;C:\OFM\OFM12213\Middleware\Oracle_Home\oracle_common\modules\org.apache.maven_3.2.5\lib\slf4j-simple-1.7.5.jar;C:\OFM\OFM12213\Middleware\Oracle_Home\oracle_common\modules\org.apache.maven_3.2.5\lib\slf4j-api-1.7.5.jar;C:\OFM\OFM12213\Middleware\Oracle_Home\oracle_common\modules\org.apache.maven_3.2.5\lib\sisu-guice-3.2.3-no_aop.jar;C:\OFM\OFM12213\Middleware\Oracle_Home\oracle_common\modules\org.apache.maven_3.2.5\lib\plexus-utils-3.0.20.jar;C:\OFM\OFM12213\Middleware\Oracle_Home\oracle_common\modules\org.apache.maven_3.2.5\lib\plexus-sec-dispatcher-1.3.jar;C:\OFM\OFM12213\Middleware\Oracle_Home\oracle_common\modules\org.apache.maven_3.2.5\lib\plexus-interpolation-1.21.jar;C:\OFM\OFM12213\Middleware\Oracle_Home\oracle_common\modules\org.apache.maven_3.2.5\lib\plexus-component-annotations-1.5.5.jar;C:\OFM\OFM12213\Middleware\Oracle_Home\oracle_common\modules\org.apache.maven_3.2.5\lib\plexus-cipher-1.7.jar;C:\OFM\OFM12213\Middleware\Oracle_Home\oracle_common\modules\org.apache.maven_3.2.5\lib\org.eclipse.sisu.plexus-0.3.0.M1.jar;C:\OFM\OFM12213\Middleware\Oracle_Home\oracle_common\modules\org.apache.maven_3.2.5\lib\org.eclipse.sisu.inject-0.3.0.M1.jar;C:\OFM\OFM12213\Middleware\Oracle_Home\oracle_common\modules\org.apache.maven_3.2.5\lib\maven-settings-builder-3.2.5.jar;C:\OFM\OFM12213\Middleware\Oracle_Home\oracle_common\modules\org.apache.maven_3.2.5\lib\maven-settings-3.2.5.jar;C:\OFM\OFM12213\Middleware\Oracle_Home\oracle_common\modules\org.apache.maven_3.2.5\lib\maven-repository-metadata-3.2.5.jar;C:\OFM\OFM12213\Middleware\Oracle_Home\oracle_common\modules\org.apache.maven_3.2.5\lib\maven-plugin-api-3.2.5.jar;C:\OFM\OFM12213\Middleware\Oracle_Home\oracle_common\modules\org.apache.maven_3.2.5\lib\maven-model-builder-3.2.5.jar;C:\OFM\OFM12213\Middleware\Oracle_Home\oracle_common\modules\org.apache.maven_3.2.5\lib\maven-model-3.2.5.jar;C:\OFM\OFM12213\Middleware\Oracle_Home\oracle_common\modules\org.apache.maven_3.2.5\lib\maven-embedder-3.2.5.jar;C:\OFM\OFM12213\Middleware\Oracle_Home\oracle_common\modules\org.apache.maven_3.2.5\lib\maven-core-3.2.5.jar;C:\OFM\OFM12213\Middleware\Oracle_Home\oracle_common\modules\org.apache.maven_3.2.5\lib\maven-compat-3.2.5.jar;C:\OFM\OFM12213\Middleware\Oracle_Home\oracle_common\modules\org.apache.maven_3.2.5\lib\maven-artifact-3.2.5.jar;C:\OFM\OFM12213\Middleware\Oracle_Home\oracle_common\modules\org.apache.maven_3.2.5\lib\maven-aether-provider-3.2.5.jar;C:\OFM\OFM12213\Middleware\Oracle_Home\oracle_common\modules\org.apache.maven_3.2.5\lib\jsr250-api-1.0.jar;C:\OFM\OFM12213\Middleware\Oracle_Home\oracle_common\modules\org.apache.maven_3.2.5\lib\jsoup-1.7.2.jar;C:\OFM\OFM12213\Middleware\Oracle_Home\oracle_common\modules\org.apache.maven_3.2.5\lib\javax.inject-1.jar;C:\OFM\OFM12213\Middleware\Oracle_Home\oracle_common\modules\org.apache.maven_3.2.5\lib\guava-18.0.jar;C:\OFM\OFM12213\Middleware\Oracle_Home\oracle_common\modules\org.apache.maven_3.2.5\lib\commons-lang-2.6.jar;C:\OFM\OFM12213\Middleware\Oracle_Home\oracle_common\modules\org.apache.maven_3.2.5\lib\commons-io-2.2.jar;C:\OFM\OFM12213\Middleware\Oracle_Home\oracle_common\modules\org.apache.maven_3.2.5\lib\commons-cli-1.2.jar;C:\OFM\OFM12213\Middleware\Oracle_Home\oracle_common\modules\org.apache.maven_3.2.5\lib\cdi-api-1.0.jar;C:\OFM\OFM12213\Middleware\Oracle_Home\oracle_common\modules\org.apache.maven_3.2.5\lib\aopalliance-1.0.jar;C:\OFM\OFM12213\Middleware\Oracle_Home\oracle_common\modules\org.apache.maven_3.2.5\lib\aether-util-1.0.0.v20140518.jar;C:\OFM\OFM12213\Middleware\Oracle_Home\oracle_common\modules\org.apache.maven_3.2.5\lib\aether-transport-wagon-1.0.0.v20140518.jar;C:\OFM\OFM12213\Middleware\Oracle_Home\oracle_common\modules\org.apache.maven_3.2.5\lib\aether-spi-1.0.0.v20140518.jar;C:\OFM\OFM12213\Middleware\Oracle_Home\oracle_common\modules\org.apache.maven_3.2.5\lib\aether-impl-1.0.0.v20140518.jar;C:\OFM\OFM12213\Middleware\Oracle_Home\oracle_common\modules\org.apache.maven_3.2.5\lib\aether-connector-basic-1.0.0.v20140518.jar;C:\OFM\OFM12213\Middleware\Oracle_Home\oracle_common\modules\org.apache.maven_3.2.5\lib\aether-api-1.0.0.v20140518.jar;"/><property name="user.name" value="MANOZ"/><property name="java.vm.specification.version" value="1.8"/><property name="sun.java.command" value="org.codehaus.classworlds.Launcher --settings C:\Users\MANOZ\.m2\settings.xml --file E:\SOACICDWorkSpace\WorkSpace\MySoaCICD_Demo_App\MySoaCICD_Demo_Prj\pom.xml pre-integration-test -Denv.ORACLE_HOME=C:\OFM\OFM12213\Middleware\Oracle_Home"/><property name="java.home" value="C:\Java\jdk1.8.0_191\jre"/><property name="sun.arch.data.model" value="64"/><property name="user.language" value="en"/><property name="java.specification.vendor" value="Oracle Corporation"/><property name="awt.toolkit" value="sun.awt.windows.WToolkit"/><property name="java.vm.info" value="mixed mode"/><property name="java.version" value="1.8.0_191"/><property name="java.ext.dirs" value="C:\Java\jdk1.8.0_191\jre\lib\ext;C:\Windows\Sun\Java\lib\ext"/><property name="sun.boot.class.path" value="C:\Java\jdk1.8.0_191\jre\lib\resources.jar;C:\Java\jdk1.8.0_191\jre\lib\rt.jar;C:\Java\jdk1.8.0_191\jre\lib\sunrsasign.jar;C:\Java\jdk1.8.0_191\jre\lib\jsse.jar;C:\Java\jdk1.8.0_191\jre\lib\jce.jar;C:\Java\jdk1.8.0_191\jre\lib\charsets.jar;C:\Java\jdk1.8.0_191\jre\lib\jfr.jar;C:\Java\jdk1.8.0_191\jre\classes"/><property name="java.vendor" value="Oracle Corporation"/><property name="maven.home" value="C:\OFM\OFM12213\Middleware\Oracle_Home\oracle_common\modules\org.apache.maven_3.2.5"/><property name="file.separator" value="\"/><property name="java.vendor.url.bug" value="http://bugreport.sun.com/bugreport/"/><property name="sun.io.unicode.encoding" value="UnicodeLittle"/><property name="sun.cpu.endian" value="little"/><property name="sun.desktop" value="windows"/><property name="sun.cpu.isalist" value="amd64"/></properties><testcase name="process TestCase" time="0.203"/></testsuite>