<?xml version="1.0" encoding="UTF-8"?>
<testsuite name="MySoaCICD_Demo_BPELProcess.MySoaCICD_Demo_BPELProcessSOAP11Binding TestSuite" tests="1" failures="0" errors="0" time="0.301"><properties><property name="JOB_NAME" value="MySoaCICD_Demo_App"/><property name="java.vendor" value="Oracle Corporation"/><property name="sun.java.launcher" value="SUN_STANDARD"/><property name="NUMBER_OF_PROCESSORS" value="4"/><property name="sun.management.compiler" value="HotSpot 64-Bit Tiered Compilers"/><property name="JENKINS_HOME" value="C:\Program Files (x86)\Jenkins"/><property name="HUDSON_SERVER_COOKIE" value="75fdd587cf3a7dbc"/><property name="os.name" value="Windows 8.1"/><property name="EXECUTOR_NUMBER" value="1"/><property name="sun.boot.class.path" value="C:\Java\jdk1.8.0_191\jre\lib\resources.jar;C:\Java\jdk1.8.0_191\jre\lib\rt.jar;C:\Java\jdk1.8.0_191\jre\lib\sunrsasign.jar;C:\Java\jdk1.8.0_191\jre\lib\jsse.jar;C:\Java\jdk1.8.0_191\jre\lib\jce.jar;C:\Java\jdk1.8.0_191\jre\lib\charsets.jar;C:\Java\jdk1.8.0_191\jre\lib\jfr.jar;C:\Java\jdk1.8.0_191\jre\classes"/><property name="PATHEXT" value=".COM;.EXE;.BAT;.CMD;.VBS;.VBE;.JS;.JSE;.WSF;.WSH;.MSC"/><property name="sun.desktop" value="windows"/><property name="java.vm.specification.vendor" value="Oracle Corporation"/><property name="TEMP" value="C:\Windows\TEMP"/><property name="NODE_LABELS" value="master"/><property name="java.runtime.version" value="1.8.0_191-b12"/><property name="ANT_HOME" value="C:\OFM\OFM122120CICD\Middleware\oracle_common\modules\org.apache.ant_1.9.2"/><property name="PRUNMGR" value="C:\DataStax Community\utils\prunmgr.exe"/><property name="ORACLE_HOME" value="C:\OFM\OFM12213\Middleware\Oracle_Home"/><property name="WINSW_SERVICE_ID" value="Jenkins"/><property name="PRUNSRV" value="C:\DataStax Community\utils\prunsrv.exe"/><property name="user.name" value="MANU$"/><property name="guice.disable.misplaced.annotation.check" value="true"/><property name="CommonProgramW6432" value="C:\Program Files\Common Files"/><property name="ProgramFiles" value="C:\Program Files (x86)"/><property name="user.language" value="en"/><property name="RUN_CHANGES_DISPLAY_URL" value="http://localhost:8888/job/MySoaCICD_Demo_App/2/display/redirect?page=changes"/><property name="JOB_BASE_NAME" value="MySoaCICD_Demo_App"/><property name="BUILD_DISPLAY_NAME" value="#2"/><property name="sun.boot.library.path" value="C:\Java\jdk1.8.0_191\jre\bin"/><property name="LOCALAPPDATA" value="C:\Windows\system32\config\systemprofile\AppData\Local"/><property name="java.version" value="1.8.0_191"/><property name="PROCESSOR_LEVEL" value="6"/><property name="user.timezone" value="Asia/Calcutta"/><property name="USERNAME" value="MANU$"/><property name="sun.arch.data.model" value="64"/><property name="PROCESSOR_ARCHITEW6432" value="AMD64"/><property name="NODE_NAME" value="master"/><property name="java.endorsed.dirs" value="C:\Java\jdk1.8.0_191\jre\lib\endorsed"/><property name="BUILD_ID" value="2"/><property name="sun.cpu.isalist" value="amd64"/><property name="sun.jnu.encoding" value="Cp1252"/><property name="file.encoding.pkg" value="sun.io"/><property name="file.separator" value="\"/><property name="java.specification.name" value="Java Platform API Specification"/><property name="java.class.version" value="52.0"/><property name="org.slf4j.simpleLogger.defaultLogLevel" value="info"/><property name="user.country" value="US"/><property name="ALLUSERSPROFILE" value="C:\ProgramData"/><property name="java.home" value="C:\Java\jdk1.8.0_191\jre"/><property name="java.vm.info" value="mixed mode"/><property name="os.version" value="6.3"/><property name="SPRING_HOME" value="E:\Spring\Software\spring-boot-cli-2.2.5.RELEASE-bin\spring-2.2.5.RELEASE"/><property name="RUN_DISPLAY_URL" value="http://localhost:8888/job/MySoaCICD_Demo_App/2/display/redirect"/><property name="TMP" value="C:\Windows\TEMP"/><property name="ECRootPath" value="C:\Oracle\"/><property name="path.separator" value=";"/><property name="java.vm.version" value="25.191-b12"/><property name="user.variant" value=""/><property name="JOB_DISPLAY_URL" value="http://localhost:8888/job/MySoaCICD_Demo_App/display/redirect"/><property name="CommonProgramFiles(x86)" value="C:\Program Files (x86)\Common Files"/><property name="sun.awt.enableExtraMouseButtons" value="true"/><property name="ZOOKEEPER_HOME" value="C:\zookeeper-3.3.6"/><property name="FP_NO_HOST_CHECK" value="NO"/><property name="java.awt.printerjob" value="sun.awt.windows.WPrinterJob"/><property name="JAVA_HOME" value="C:\Java\jdk1.8.0_191"/><property name="sun.io.unicode.encoding" value="UnicodeLittle"/><property name="CommonProgramFiles" value="C:\Program Files (x86)\Common Files"/><property name="ComSpec" value="C:\Windows\system32\cmd.exe"/><property name="awt.toolkit" value="sun.awt.windows.WToolkit"/><property name="SERVICE_ID" value="Jenkins"/><property name="COMPUTERNAME" value="MANU"/><property name="user.script" value=""/><property name="asl.log" value="Destination=file"/><property name="VBOX_MSI_INSTALL_PATH" value="C:\Oracle\VirtualBox\"/><property name="PUBLIC" value="C:\Users\Public"/><property name="HADOOP_HOME" value="E:\Hadoop\hadoop-2.6.5"/><property name="user.home" value="C:\Windows\system32\config\systemprofile"/><property name="JENKINS_SERVER_COOKIE" value="75fdd587cf3a7dbc"/><property name="BUILD_TAG" value="jenkins-MySoaCICD_Demo_App-2"/><property name="HUDSON_URL" value="http://localhost:8888/"/><property name="ProgramData" value="C:\ProgramData"/><property name="java.specification.vendor" value="Oracle Corporation"/><property name="USERPROFILE" value="C:\Windows\system32\config\systemprofile"/><property name="CLASSPATH" value=""/><property name="java.library.path" value="C:\Java\jdk1.8.0_191\bin;C:\Windows\Sun\Java\bin;C:\Windows\system32;C:\Windows;C:\ApacheSoftwareFoundation\apache-maven-3.3.9/bin;C:\Java\jdk1.8.0_191/bin;C:\Java\jdk1.8.0_191/bin;C:\Java\jdk1.8.0_191\bin;C:\Program Files (x86)\Common Files\Oracle\Java\javapath;C:\Java\jdk1.8.0_162\bin;C:\ProgramData\Oracle\Java\javapath;C:\Oracle\12C\product\12.1.0\dbhome_1\bin;C:\Oracle\11G\oraclexe\app\oracle\product\11.2.0\server\bin;%SystemRoot%\system32;%SystemRoot%;%SystemRoot%\System32\Wbem;%SYSTEMROOT%\System32\WindowsPowerShell\v1.0\;C:\Program Files\Intel\WiFi\bin\;C:\Program Files\Common Files\Intel\WirelessCommon\;C:\Program Files (x86)\Skype\Phone;%M2_HOME%\bin;%ZOOKEEPER_HOME%\bin;%MongoDB%\bin;C:\Program Files\MySQL\MySQL Utilities 1.6\;C:\Program Files\MIT\Kerberos\bin;C:\Program Files (x86)\Skype\Phone;C:\eclipse\bin;E:\Hadoop\hadoop-2.6.5\bin;E:\Hadoop\hadoop-2.6.5\sbin;E:\Hadoop\hadoop-2.6.5\share\hadoop\common\*;E:\Hadoop\hadoop-2.6.5\share\hadoop\hdfs;E:\Hadoop\hadoop-2.6.5\share\hadoop\hdfs\lib\*;E:\Hadoop\hadoop-2.6.5\share\hadoop\hdfs\*;E:\Hadoop\hadoop-2.6.5\share\hadoop\yarn\lib\*;E:\Hadoop\hadoop-2.6.5\share\hadoop\yarn\*;E:\Hadoop\hadoop-2.6.5\share\hadoop\mapreduce\lib\*;E:\Hadoop\hadoop-2.6.5\share\hadoop\mapreduce\*;E:\Hadoop\hadoop-2.6.5\share\hadoop\common\lib\*;C:\Program Files\Git\cmd;%ANT_HOME\bin;%M2_HOME%\bin;%SPRING_HOME%\bin;C:\Android;C:\Windows\System32;C:\OFM\OFM12213\Middleware\Oracle_Home;C:\Windows\system32;C:\Windows;C:\Windows\System32\Wbem;C:\Windows\System32\WindowsPowerShell\v1.0\;C:\ApacheSoftwareFoundation\apache-maven-3.3.9\bin;C:\zookeeper-3.3.6\bin;C:\Program Files\MongoDB\Server\3.4\bin;C:\ApacheSoftwareFoundation\apache-maven-3.3.9\bin;E:\Spring\Software\spring-boot-cli-2.2.5.RELEASE-bin\spring-2.2.5.RELEASE\bin;C:\Program Files\PuTTY\;."/><property name="java.vendor.url" value="http://java.oracle.com/"/><property name="MOSQUITTO_DIR" value="C:\Program Files (x86)\mosquitto"/><property name="APPDATA" value="C:\Windows\system32\config\systemprofile\AppData\Roaming"/><property name="java.vm.vendor" value="Oracle Corporation"/><property name="MongoDB" value="C:\Program Files\MongoDB\Server\3.4"/><property name="maven.home" value="C:\ApacheSoftwareFoundation\apache-maven-3.3.9"/><property name="java.runtime.name" value="Java(TM) SE Runtime Environment"/><property name="sun.java.command" value="jenkins.maven3.agent.Maven33Main C:\ApacheSoftwareFoundation\apache-maven-3.3.9 C:\Program Files (x86)\Jenkins\war\WEB-INF\lib\remoting-3.36.1.jar C:\Program Files (x86)\Jenkins\plugins\maven-plugin\WEB-INF\lib\maven33-interceptor-1.13.jar C:\Program Files (x86)\Jenkins\plugins\maven-plugin\WEB-INF\lib\maven3-interceptor-commons-1.13.jar 58152"/><property name="java.class.path" value="C:\Program Files (x86)\Jenkins\plugins\maven-plugin\WEB-INF\lib\maven33-agent-1.13.jar;C:\ApacheSoftwareFoundation\apache-maven-3.3.9\boot\plexus-classworlds-2.5.2.jar;C:\ApacheSoftwareFoundation\apache-maven-3.3.9/conf/logging"/><property name="OPENSSL_CONF" value="C:\OpenSSL-Win64\bin\openssl.cfg"/><property name="Path" value="C:\Java\jdk1.8.0_191/bin;C:\Java\jdk1.8.0_191\bin;C:\Program Files (x86)\Common Files\Oracle\Java\javapath;C:\Java\jdk1.8.0_162\bin;C:\ProgramData\Oracle\Java\javapath;C:\Oracle\12C\product\12.1.0\dbhome_1\bin;C:\Oracle\11G\oraclexe\app\oracle\product\11.2.0\server\bin;%SystemRoot%\system32;%SystemRoot%;%SystemRoot%\System32\Wbem;%SYSTEMROOT%\System32\WindowsPowerShell\v1.0\;C:\Program Files\Intel\WiFi\bin\;C:\Program Files\Common Files\Intel\WirelessCommon\;C:\Program Files (x86)\Skype\Phone;%M2_HOME%\bin;%ZOOKEEPER_HOME%\bin;%MongoDB%\bin;C:\Program Files\MySQL\MySQL Utilities 1.6\;C:\Program Files\MIT\Kerberos\bin;C:\Program Files (x86)\Skype\Phone;C:\eclipse\bin;E:\Hadoop\hadoop-2.6.5\bin;E:\Hadoop\hadoop-2.6.5\sbin;E:\Hadoop\hadoop-2.6.5\share\hadoop\common\*;E:\Hadoop\hadoop-2.6.5\share\hadoop\hdfs;E:\Hadoop\hadoop-2.6.5\share\hadoop\hdfs\lib\*;E:\Hadoop\hadoop-2.6.5\share\hadoop\hdfs\*;E:\Hadoop\hadoop-2.6.5\share\hadoop\yarn\lib\*;E:\Hadoop\hadoop-2.6.5\share\hadoop\yarn\*;E:\Hadoop\hadoop-2.6.5\share\hadoop\mapreduce\lib\*;E:\Hadoop\hadoop-2.6.5\share\hadoop\mapreduce\*;E:\Hadoop\hadoop-2.6.5\share\hadoop\common\lib\*;C:\Program Files\Git\cmd;%ANT_HOME\bin;%M2_HOME%\bin;%SPRING_HOME%\bin;C:\Android;C:\Windows\System32;C:\OFM\OFM12213\Middleware\Oracle_Home;C:\Windows\system32;C:\Windows;C:\Windows\System32\Wbem;C:\Windows\System32\WindowsPowerShell\v1.0\;C:\ApacheSoftwareFoundation\apache-maven-3.3.9\bin;C:\zookeeper-3.3.6\bin;C:\Program Files\MongoDB\Server\3.4\bin;C:\ApacheSoftwareFoundation\apache-maven-3.3.9\bin;E:\Spring\Software\spring-boot-cli-2.2.5.RELEASE-bin\spring-2.2.5.RELEASE\bin;C:\Program Files\PuTTY\"/><property name="PROCESSOR_ARCHITECTURE" value="x86"/><property name="java.vm.specification.name" value="Java Virtual Machine Specification"/><property name="PROCESSOR_IDENTIFIER" value="Intel64 Family 6 Model 78 Stepping 3, GenuineIntel"/><property name="PATH+JDK" value="C:\Java\jdk1.8.0_191/bin"/><property name="java.vm.specification.version" value="1.8"/><property name="M2_HOME" value="C:\ApacheSoftwareFoundation\apache-maven-3.3.9"/><property name="sun.cpu.endian" value="little"/><property name="sun.os.patch.level" value=""/><property name="OS" value="Windows_NT"/><property name="java.io.tmpdir" value="C:\Windows\TEMP\"/><property name="PATH+MAVEN" value="C:\ApacheSoftwareFoundation\apache-maven-3.3.9/bin"/><property name="HUDSON_HOME" value="C:\Program Files (x86)\Jenkins"/><property name="ProgramFiles(x86)" value="C:\Program Files (x86)"/><property name="java.vendor.url.bug" value="http://bugreport.sun.com/bugreport/"/><property name="BUILD_URL" value="http://localhost:8888/job/MySoaCICD_Demo_App/2/"/><property name="SystemRoot" value="C:\Windows"/><property name="os.arch" value="amd64"/><property name="java.awt.graphicsenv" value="sun.awt.Win32GraphicsEnvironment"/><property name="java.ext.dirs" value="C:\Java\jdk1.8.0_191\jre\lib\ext;C:\Windows\Sun\Java\lib\ext"/><property name="JOB_URL" value="http://localhost:8888/job/MySoaCICD_Demo_App/"/><property name="user.dir" value="E:\SOACICDWorkSpace\WorkSpace\MySoaCICD_Demo_App\MySoaCICD_Demo_Prj"/><property name="USERDOMAIN" value="WORKGROUP"/><property name="MAVEN_HOME" value="C:\ApacheSoftwareFoundation\apache-maven-3.3.9"/><property name="line.separator" value="
"/><property name="BASE" value="C:\Program Files (x86)\Jenkins"/><property name="BUILD_NUMBER" value="2"/><property name="java.vm.name" value="Java HotSpot(TM) 64-Bit Server VM"/><property name="PROCESSOR_REVISION" value="4e03"/><property name="JENKINS_URL" value="http://localhost:8888/"/><property name="ProgramW6432" value="C:\Program Files"/><property name="windir" value="C:\Windows"/><property name="SystemDrive" value="C:"/><property name="file.encoding" value="Cp1252"/><property name="maven3.interceptor" value="C:\Program Files (x86)\Jenkins\plugins\maven-plugin\WEB-INF\lib\maven33-interceptor-1.13.jar"/><property name="WORKSPACE" value="E:\SOACICDWorkSpace\WorkSpace\MySoaCICD_Demo_App\MySoaCICD_Demo_Prj"/><property name="maven3.interceptor.common" value="C:\Program Files (x86)\Jenkins\plugins\maven-plugin\WEB-INF\lib\maven3-interceptor-commons-1.13.jar"/><property name="WINSW_EXECUTABLE" value="C:\Program Files (x86)\Jenkins\jenkins.exe"/><property name="PSModulePath" value="C:\Windows\system32\WindowsPowerShell\v1.0\Modules\"/><property name="java.specification.version" value="1.8"/></properties><testcase name="process TestCase" time="0.301"/></testsuite>